INFO: COMMAND: train.py --data data/en-fr/sp_all_4k --source-lang fr --target-lang en --save-dir assignments/03/bpe_model_all_4k --cuda --bpe --log-file=assignments/03/bpe_model_all_4k.log --batch-size 8
INFO: Arguments: {'cuda': True, 'data': 'data/en-fr/sp_all_4k', 'dicts': None, 'source_lang': 'fr', 'target_lang': 'en', 'max_tokens': None, 'batch_size': 8, 'train_on_tiny': False, 'arch': 'lstm', 'bpe': True, 'bpe_dropout': 0.0, 'max_epoch': 10000, 'clip_norm': 4.0, 'lr': 0.0003, 'patience': 3, 'log_file': 'assignments/03/bpe_model_all_4k.log', 'save_dir': 'assignments/03/bpe_model_all_4k', 'restore_file': 'checkpoint_last.pt', 'save_interval': 1, 'no_save': False, 'epoch_checkpoints': False, 'encoder_embed_dim': 64, 'encoder_embed_path': None, 'encoder_hidden_size': 64, 'encoder_num_layers': 1, 'encoder_bidirectional': 'True', 'encoder_dropout_in': 0.25, 'encoder_dropout_out': 0.25, 'decoder_embed_dim': 64, 'decoder_embed_path': None, 'decoder_hidden_size': 128, 'decoder_num_layers': 1, 'decoder_dropout_in': 0.25, 'decoder_dropout_out': 0.25, 'decoder_use_attention': 'True', 'decoder_use_lexical_model': 'False', 'device_id': 0}
INFO: Loaded a source dictionary (fr) with 4000 words
INFO: Loaded a target dictionary (en) with 4000 words
INFO: Built a model with 1308576 parameters
INFO: Epoch 000: loss 5.409 | lr 0.0003 | num_tokens 11.08 | batch_size 8 | grad_norm 13.06 | clip 0.9744
INFO: Epoch 000: valid_loss 5.6 | num_tokens 11.1 | batch_size 500 | valid_perplexity 269
INFO: Epoch 001: loss 4.739 | lr 0.0003 | num_tokens 11.08 | batch_size 8 | grad_norm 12.49 | clip 1
INFO: Epoch 001: valid_loss 5.26 | num_tokens 11.1 | batch_size 500 | valid_perplexity 193
INFO: Epoch 002: loss 4.539 | lr 0.0003 | num_tokens 11.08 | batch_size 8 | grad_norm 12.81 | clip 1
INFO: Epoch 002: valid_loss 5.04 | num_tokens 11.1 | batch_size 500 | valid_perplexity 154
INFO: Epoch 003: loss 4.395 | lr 0.0003 | num_tokens 11.08 | batch_size 8 | grad_norm 12.81 | clip 1
INFO: Epoch 003: valid_loss 4.86 | num_tokens 11.1 | batch_size 500 | valid_perplexity 129
INFO: Epoch 004: loss 4.268 | lr 0.0003 | num_tokens 11.08 | batch_size 8 | grad_norm 12.94 | clip 1
INFO: Epoch 004: valid_loss 4.74 | num_tokens 11.1 | batch_size 500 | valid_perplexity 114
INFO: Epoch 005: loss 4.166 | lr 0.0003 | num_tokens 11.08 | batch_size 8 | grad_norm 13.27 | clip 1
INFO: Epoch 005: valid_loss 4.63 | num_tokens 11.1 | batch_size 500 | valid_perplexity 103
INFO: Epoch 006: loss 4.064 | lr 0.0003 | num_tokens 11.08 | batch_size 8 | grad_norm 13.74 | clip 1
INFO: Epoch 006: valid_loss 4.51 | num_tokens 11.1 | batch_size 500 | valid_perplexity 91
INFO: Epoch 007: loss 3.97 | lr 0.0003 | num_tokens 11.08 | batch_size 8 | grad_norm 14.02 | clip 1
INFO: Epoch 007: valid_loss 4.45 | num_tokens 11.1 | batch_size 500 | valid_perplexity 85.4
INFO: Epoch 008: loss 3.881 | lr 0.0003 | num_tokens 11.08 | batch_size 8 | grad_norm 14.35 | clip 1
INFO: Epoch 008: valid_loss 4.36 | num_tokens 11.1 | batch_size 500 | valid_perplexity 78
INFO: Epoch 009: loss 3.798 | lr 0.0003 | num_tokens 11.08 | batch_size 8 | grad_norm 14.83 | clip 1
INFO: Epoch 009: valid_loss 4.3 | num_tokens 11.1 | batch_size 500 | valid_perplexity 73.7
INFO: Epoch 010: loss 3.717 | lr 0.0003 | num_tokens 11.08 | batch_size 8 | grad_norm 15.24 | clip 1
INFO: Epoch 010: valid_loss 4.22 | num_tokens 11.1 | batch_size 500 | valid_perplexity 68.3
INFO: Epoch 011: loss 3.637 | lr 0.0003 | num_tokens 11.08 | batch_size 8 | grad_norm 15.79 | clip 1
INFO: Epoch 011: valid_loss 4.16 | num_tokens 11.1 | batch_size 500 | valid_perplexity 64.1
INFO: Epoch 012: loss 3.566 | lr 0.0003 | num_tokens 11.08 | batch_size 8 | grad_norm 16.17 | clip 1
INFO: Epoch 012: valid_loss 4.1 | num_tokens 11.1 | batch_size 500 | valid_perplexity 60.5
INFO: Epoch 013: loss 3.498 | lr 0.0003 | num_tokens 11.08 | batch_size 8 | grad_norm 16.53 | clip 1
INFO: Epoch 013: valid_loss 4.06 | num_tokens 11.1 | batch_size 500 | valid_perplexity 57.8
INFO: Epoch 014: loss 3.434 | lr 0.0003 | num_tokens 11.08 | batch_size 8 | grad_norm 16.88 | clip 1
INFO: Epoch 014: valid_loss 4 | num_tokens 11.1 | batch_size 500 | valid_perplexity 54.4
INFO: Epoch 015: loss 3.371 | lr 0.0003 | num_tokens 11.08 | batch_size 8 | grad_norm 17.24 | clip 1
INFO: Epoch 015: valid_loss 3.94 | num_tokens 11.1 | batch_size 500 | valid_perplexity 51.4
INFO: Epoch 016: loss 3.309 | lr 0.0003 | num_tokens 11.08 | batch_size 8 | grad_norm 17.57 | clip 1
INFO: Epoch 016: valid_loss 3.92 | num_tokens 11.1 | batch_size 500 | valid_perplexity 50.3
INFO: Epoch 017: loss 3.255 | lr 0.0003 | num_tokens 11.08 | batch_size 8 | grad_norm 18.11 | clip 1
INFO: Epoch 017: valid_loss 3.85 | num_tokens 11.1 | batch_size 500 | valid_perplexity 46.8
INFO: Epoch 018: loss 3.205 | lr 0.0003 | num_tokens 11.08 | batch_size 8 | grad_norm 18.35 | clip 1
INFO: Epoch 018: valid_loss 3.81 | num_tokens 11.1 | batch_size 500 | valid_perplexity 45.2
INFO: Epoch 019: loss 3.149 | lr 0.0003 | num_tokens 11.08 | batch_size 8 | grad_norm 18.59 | clip 1
INFO: Epoch 019: valid_loss 3.78 | num_tokens 11.1 | batch_size 500 | valid_perplexity 43.6
INFO: Epoch 020: loss 3.103 | lr 0.0003 | num_tokens 11.08 | batch_size 8 | grad_norm 19.06 | clip 1
INFO: Epoch 020: valid_loss 3.73 | num_tokens 11.1 | batch_size 500 | valid_perplexity 41.8
INFO: Epoch 021: loss 3.056 | lr 0.0003 | num_tokens 11.08 | batch_size 8 | grad_norm 19.28 | clip 1
INFO: Epoch 021: valid_loss 3.71 | num_tokens 11.1 | batch_size 500 | valid_perplexity 40.8
INFO: Epoch 022: loss 3.008 | lr 0.0003 | num_tokens 11.08 | batch_size 8 | grad_norm 19.55 | clip 1
INFO: Epoch 022: valid_loss 3.66 | num_tokens 11.1 | batch_size 500 | valid_perplexity 38.9
INFO: Epoch 023: loss 2.968 | lr 0.0003 | num_tokens 11.08 | batch_size 8 | grad_norm 19.79 | clip 1
INFO: Epoch 023: valid_loss 3.61 | num_tokens 11.1 | batch_size 500 | valid_perplexity 37
INFO: Epoch 024: loss 2.926 | lr 0.0003 | num_tokens 11.08 | batch_size 8 | grad_norm 20.2 | clip 1
INFO: Epoch 024: valid_loss 3.59 | num_tokens 11.1 | batch_size 500 | valid_perplexity 36.2
INFO: Epoch 025: loss 2.886 | lr 0.0003 | num_tokens 11.08 | batch_size 8 | grad_norm 20.39 | clip 1
INFO: Epoch 025: valid_loss 3.54 | num_tokens 11.1 | batch_size 500 | valid_perplexity 34.4
INFO: Epoch 026: loss 2.848 | lr 0.0003 | num_tokens 11.08 | batch_size 8 | grad_norm 20.6 | clip 1
INFO: Epoch 026: valid_loss 3.55 | num_tokens 11.1 | batch_size 500 | valid_perplexity 34.7
INFO: Epoch 027: loss 2.809 | lr 0.0003 | num_tokens 11.08 | batch_size 8 | grad_norm 21.19 | clip 1
INFO: Epoch 027: valid_loss 3.51 | num_tokens 11.1 | batch_size 500 | valid_perplexity 33.3
INFO: Epoch 028: loss 2.774 | lr 0.0003 | num_tokens 11.08 | batch_size 8 | grad_norm 21.28 | clip 1
INFO: Epoch 028: valid_loss 3.45 | num_tokens 11.1 | batch_size 500 | valid_perplexity 31.4
INFO: Epoch 029: loss 2.736 | lr 0.0003 | num_tokens 11.08 | batch_size 8 | grad_norm 21.56 | clip 1
INFO: Epoch 029: valid_loss 3.44 | num_tokens 11.1 | batch_size 500 | valid_perplexity 31.3
INFO: Epoch 030: loss 2.704 | lr 0.0003 | num_tokens 11.08 | batch_size 8 | grad_norm 21.82 | clip 1
INFO: Epoch 030: valid_loss 3.42 | num_tokens 11.1 | batch_size 500 | valid_perplexity 30.5
INFO: Epoch 031: loss 2.671 | lr 0.0003 | num_tokens 11.08 | batch_size 8 | grad_norm 21.97 | clip 1
INFO: Epoch 031: valid_loss 3.4 | num_tokens 11.1 | batch_size 500 | valid_perplexity 29.9
INFO: Epoch 032: loss 2.641 | lr 0.0003 | num_tokens 11.08 | batch_size 8 | grad_norm 22.25 | clip 1
INFO: Epoch 032: valid_loss 3.35 | num_tokens 11.1 | batch_size 500 | valid_perplexity 28.6
INFO: Epoch 033: loss 2.607 | lr 0.0003 | num_tokens 11.08 | batch_size 8 | grad_norm 22.5 | clip 1
INFO: Epoch 033: valid_loss 3.37 | num_tokens 11.1 | batch_size 500 | valid_perplexity 29
INFO: Epoch 034: loss 2.578 | lr 0.0003 | num_tokens 11.08 | batch_size 8 | grad_norm 22.65 | clip 1
INFO: Epoch 034: valid_loss 3.33 | num_tokens 11.1 | batch_size 500 | valid_perplexity 27.9
INFO: Epoch 035: loss 2.549 | lr 0.0003 | num_tokens 11.08 | batch_size 8 | grad_norm 23.21 | clip 1
INFO: Epoch 035: valid_loss 3.3 | num_tokens 11.1 | batch_size 500 | valid_perplexity 27.1
INFO: Epoch 036: loss 2.517 | lr 0.0003 | num_tokens 11.08 | batch_size 8 | grad_norm 23.12 | clip 1
INFO: Epoch 036: valid_loss 3.27 | num_tokens 11.1 | batch_size 500 | valid_perplexity 26.4
INFO: Epoch 037: loss 2.489 | lr 0.0003 | num_tokens 11.08 | batch_size 8 | grad_norm 23.31 | clip 1
INFO: Epoch 037: valid_loss 3.25 | num_tokens 11.1 | batch_size 500 | valid_perplexity 25.8
INFO: Epoch 038: loss 2.46 | lr 0.0003 | num_tokens 11.08 | batch_size 8 | grad_norm 23.76 | clip 1
INFO: Epoch 038: valid_loss 3.24 | num_tokens 11.1 | batch_size 500 | valid_perplexity 25.5
INFO: Epoch 039: loss 2.439 | lr 0.0003 | num_tokens 11.08 | batch_size 8 | grad_norm 23.7 | clip 1
INFO: Epoch 039: valid_loss 3.25 | num_tokens 11.1 | batch_size 500 | valid_perplexity 25.8
INFO: Epoch 040: loss 2.41 | lr 0.0003 | num_tokens 11.08 | batch_size 8 | grad_norm 23.79 | clip 1
INFO: Epoch 040: valid_loss 3.24 | num_tokens 11.1 | batch_size 500 | valid_perplexity 25.5
INFO: Epoch 041: loss 2.39 | lr 0.0003 | num_tokens 11.08 | batch_size 8 | grad_norm 24.1 | clip 1
INFO: Epoch 041: valid_loss 3.17 | num_tokens 11.1 | batch_size 500 | valid_perplexity 23.8
INFO: Epoch 042: loss 2.368 | lr 0.0003 | num_tokens 11.08 | batch_size 8 | grad_norm 24.35 | clip 1
INFO: Epoch 042: valid_loss 3.15 | num_tokens 11.1 | batch_size 500 | valid_perplexity 23.3
INFO: Epoch 043: loss 2.339 | lr 0.0003 | num_tokens 11.08 | batch_size 8 | grad_norm 24.74 | clip 1
INFO: Epoch 043: valid_loss 3.13 | num_tokens 11.1 | batch_size 500 | valid_perplexity 22.8
INFO: Epoch 044: loss 2.322 | lr 0.0003 | num_tokens 11.08 | batch_size 8 | grad_norm 24.88 | clip 1
INFO: Epoch 044: valid_loss 3.12 | num_tokens 11.1 | batch_size 500 | valid_perplexity 22.7
INFO: Epoch 045: loss 2.299 | lr 0.0003 | num_tokens 11.08 | batch_size 8 | grad_norm 24.87 | clip 1
INFO: Epoch 045: valid_loss 3.1 | num_tokens 11.1 | batch_size 500 | valid_perplexity 22.3
INFO: Epoch 046: loss 2.272 | lr 0.0003 | num_tokens 11.08 | batch_size 8 | grad_norm 24.89 | clip 1
INFO: Epoch 046: valid_loss 3.1 | num_tokens 11.1 | batch_size 500 | valid_perplexity 22.2
INFO: Epoch 047: loss 2.25 | lr 0.0003 | num_tokens 11.08 | batch_size 8 | grad_norm 24.96 | clip 1
INFO: Epoch 047: valid_loss 3.06 | num_tokens 11.1 | batch_size 500 | valid_perplexity 21.4
INFO: Epoch 048: loss 2.234 | lr 0.0003 | num_tokens 11.08 | batch_size 8 | grad_norm 24.98 | clip 1
INFO: Epoch 048: valid_loss 3.1 | num_tokens 11.1 | batch_size 500 | valid_perplexity 22.3
INFO: Epoch 049: loss 2.217 | lr 0.0003 | num_tokens 11.08 | batch_size 8 | grad_norm 25.24 | clip 1
INFO: Epoch 049: valid_loss 3.06 | num_tokens 11.1 | batch_size 500 | valid_perplexity 21.3
INFO: Epoch 050: loss 2.192 | lr 0.0003 | num_tokens 11.08 | batch_size 8 | grad_norm 25.1 | clip 1
INFO: Epoch 050: valid_loss 3.04 | num_tokens 11.1 | batch_size 500 | valid_perplexity 21
INFO: Epoch 051: loss 2.177 | lr 0.0003 | num_tokens 11.08 | batch_size 8 | grad_norm 25.52 | clip 1
INFO: Epoch 051: valid_loss 3.06 | num_tokens 11.1 | batch_size 500 | valid_perplexity 21.2
INFO: Epoch 052: loss 2.153 | lr 0.0003 | num_tokens 11.08 | batch_size 8 | grad_norm 25.89 | clip 1
INFO: Epoch 052: valid_loss 3.04 | num_tokens 11.1 | batch_size 500 | valid_perplexity 20.8
INFO: Epoch 053: loss 2.141 | lr 0.0003 | num_tokens 11.08 | batch_size 8 | grad_norm 26.02 | clip 1
INFO: Epoch 053: valid_loss 2.99 | num_tokens 11.1 | batch_size 500 | valid_perplexity 19.9
INFO: Epoch 054: loss 2.12 | lr 0.0003 | num_tokens 11.08 | batch_size 8 | grad_norm 25.55 | clip 1
INFO: Epoch 054: valid_loss 3 | num_tokens 11.1 | batch_size 500 | valid_perplexity 20.1
INFO: Epoch 055: loss 2.101 | lr 0.0003 | num_tokens 11.08 | batch_size 8 | grad_norm 25.89 | clip 1
INFO: Epoch 055: valid_loss 3 | num_tokens 11.1 | batch_size 500 | valid_perplexity 20.2
INFO: Epoch 056: loss 2.086 | lr 0.0003 | num_tokens 11.08 | batch_size 8 | grad_norm 25.99 | clip 1
INFO: Epoch 056: valid_loss 2.99 | num_tokens 11.1 | batch_size 500 | valid_perplexity 19.8
INFO: Epoch 057: loss 2.066 | lr 0.0003 | num_tokens 11.08 | batch_size 8 | grad_norm 26.23 | clip 1
INFO: Epoch 057: valid_loss 2.99 | num_tokens 11.1 | batch_size 500 | valid_perplexity 19.9
INFO: Epoch 058: loss 2.05 | lr 0.0003 | num_tokens 11.08 | batch_size 8 | grad_norm 26.05 | clip 1
INFO: Epoch 058: valid_loss 2.96 | num_tokens 11.1 | batch_size 500 | valid_perplexity 19.3
INFO: Epoch 059: loss 2.035 | lr 0.0003 | num_tokens 11.08 | batch_size 8 | grad_norm 26.68 | clip 1
INFO: Epoch 059: valid_loss 2.95 | num_tokens 11.1 | batch_size 500 | valid_perplexity 19.2
INFO: Epoch 060: loss 2.02 | lr 0.0003 | num_tokens 11.08 | batch_size 8 | grad_norm 26.6 | clip 1
INFO: Epoch 060: valid_loss 2.95 | num_tokens 11.1 | batch_size 500 | valid_perplexity 19
INFO: Epoch 061: loss 1.998 | lr 0.0003 | num_tokens 11.08 | batch_size 8 | grad_norm 26.66 | clip 1
INFO: Epoch 061: valid_loss 2.93 | num_tokens 11.1 | batch_size 500 | valid_perplexity 18.7
INFO: Epoch 062: loss 1.987 | lr 0.0003 | num_tokens 11.08 | batch_size 8 | grad_norm 26.5 | clip 1
INFO: Epoch 062: valid_loss 2.94 | num_tokens 11.1 | batch_size 500 | valid_perplexity 18.9
INFO: Epoch 063: loss 1.979 | lr 0.0003 | num_tokens 11.08 | batch_size 8 | grad_norm 26.8 | clip 1
INFO: Epoch 063: valid_loss 2.91 | num_tokens 11.1 | batch_size 500 | valid_perplexity 18.4
INFO: Epoch 064: loss 1.961 | lr 0.0003 | num_tokens 11.08 | batch_size 8 | grad_norm 26.77 | clip 1
INFO: Epoch 064: valid_loss 2.89 | num_tokens 11.1 | batch_size 500 | valid_perplexity 18
INFO: Epoch 065: loss 1.947 | lr 0.0003 | num_tokens 11.08 | batch_size 8 | grad_norm 26.85 | clip 1
INFO: Epoch 065: valid_loss 2.91 | num_tokens 11.1 | batch_size 500 | valid_perplexity 18.4
INFO: Epoch 066: loss 1.928 | lr 0.0003 | num_tokens 11.08 | batch_size 8 | grad_norm 27.1 | clip 1
INFO: Epoch 066: valid_loss 2.89 | num_tokens 11.1 | batch_size 500 | valid_perplexity 18.1
INFO: Epoch 067: loss 1.923 | lr 0.0003 | num_tokens 11.08 | batch_size 8 | grad_norm 26.75 | clip 1
INFO: Epoch 067: valid_loss 2.91 | num_tokens 11.1 | batch_size 500 | valid_perplexity 18.3
INFO: No validation set improvements observed for 3 epochs. Early stop!
